d:\de0_com_fpga\win\jack\app\debug\de0.pch
d:\de0_com_fpga\win\jack\app\debug\vc143.pdb
d:\de0_com_fpga\win\jack\app\debug\stdafx.obj
d:\de0_com_fpga\win\jack\app\debug\hyperlink.obj
d:\de0_com_fpga\win\jack\app\debug\graphwnd.obj
d:\de0_com_fpga\win\jack\app\debug\graphset.obj
d:\de0_com_fpga\win\jack\app\debug\editex.obj
d:\de0_com_fpga\win\jack\app\debug\daqview.obj
d:\de0_com_fpga\win\jack\app\debug\cpview.obj
d:\de0_com_fpga\win\jack\app\debug\cpmemview.obj
d:\de0_com_fpga\win\jack\app\debug\conview.obj
d:\de0_com_fpga\win\jack\app\debug\colorbox.obj
d:\de0_com_fpga\win\jack\app\debug\cliview.obj
d:\de0_com_fpga\win\jack\app\debug\chkbox.obj
d:\de0_com_fpga\win\jack\app\debug\bufferdc.obj
d:\de0_com_fpga\win\jack\app\debug\boxmuller.obj
d:\de0_com_fpga\win\jack\app\debug\about.obj
d:\de0_com_fpga\win\jack\app\debug\2dimage.obj
d:\de0_com_fpga\win\jack\app\debug\msgsock.obj
d:\de0_com_fpga\win\jack\app\debug\msgque.obj
d:\de0_com_fpga\win\jack\app\debug\dnlsock.obj
d:\de0_com_fpga\win\jack\app\debug\cmsock.obj
d:\de0_com_fpga\win\jack\app\debug\cmque.obj
d:\de0_com_fpga\win\jack\app\debug\wndresizer.obj
d:\de0_com_fpga\win\jack\app\debug\viewex.obj
d:\de0_com_fpga\win\jack\app\debug\treeviewex.obj
d:\de0_com_fpga\win\jack\app\debug\trace.obj
d:\de0_com_fpga\win\jack\app\debug\srvview.obj
d:\de0_com_fpga\win\jack\app\debug\richex.obj
d:\de0_com_fpga\win\jack\app\debug\logedit.obj
d:\de0_com_fpga\win\jack\app\debug\outputwnd.obj
d:\de0_com_fpga\win\jack\app\debug\mainfrm.obj
d:\de0_com_fpga\win\jack\app\debug\appdoc.obj
d:\de0_com_fpga\win\jack\app\debug\app.obj
d:\de0_com_fpga\win\jack\app\debug\projectwnd.obj
d:\de0_com_fpga\win\jack\app\debug\projectset.obj
d:\de0_com_fpga\win\jack\app\debug\path.obj
d:\de0_com_fpga\win\jack\app\debug\parmswnd.obj
d:\de0_com_fpga\win\jack\app\debug\mfceditex.obj
d:\de0_com_fpga\win\jack\app\debug\imagewnd.obj
d:\de0_com_fpga\win\jack\app\debug\imageset.obj
d:\de0_com_fpga\win\jack\debug\de0.exe
d:\de0_com_fpga\win\jack\debug\de0.pdb
d:\de0_com_fpga\win\jack\app\debug\app.res
d:\de0_com_fpga\win\jack\app\debug\app.tlog\cl.command.1.tlog
d:\de0_com_fpga\win\jack\app\debug\app.tlog\cl.items.tlog
d:\de0_com_fpga\win\jack\app\debug\app.tlog\cl.read.1.tlog
d:\de0_com_fpga\win\jack\app\debug\app.tlog\cl.write.1.tlog
d:\de0_com_fpga\win\jack\app\debug\app.tlog\link.command.1.tlog
d:\de0_com_fpga\win\jack\app\debug\app.tlog\link.read.1.tlog
d:\de0_com_fpga\win\jack\app\debug\app.tlog\link.write.1.tlog
d:\de0_com_fpga\win\jack\app\debug\app.tlog\rc.command.1.tlog
d:\de0_com_fpga\win\jack\app\debug\app.tlog\rc.read.1.tlog
d:\de0_com_fpga\win\jack\app\debug\app.tlog\rc.write.1.tlog
