d:\de0_com_fpga\win\jack\cmapi\debug\cmapi.pch
d:\de0_com_fpga\win\jack\cmapi\debug\vc143.pdb
d:\de0_com_fpga\win\jack\cmapi\debug\vc143.idb
d:\de0_com_fpga\win\jack\cmapi\debug\stdafx.obj
d:\de0_com_fpga\win\jack\cmapi\debug\dllmain.obj
d:\de0_com_fpga\win\jack\cmapi\debug\trace.obj
d:\de0_com_fpga\win\jack\cmapi\debug\cmapi.obj
d:\de0_com_fpga\win\jack\cmapi\debug\cmapi.ilk
d:\de0_com_fpga\win\jack\cmapi\debug\cmapi.dll
d:\de0_com_fpga\win\jack\cmapi\debug\cmapi.pdb
d:\de0_com_fpga\win\jack\cmapi\debug\cmapi.lib
d:\de0_com_fpga\win\jack\cmapi\debug\cmapi.exp
d:\de0_com_fpga\win\jack\cmapi\debug\cmapi.tlog\cl.command.1.tlog
d:\de0_com_fpga\win\jack\cmapi\debug\cmapi.tlog\cl.items.tlog
d:\de0_com_fpga\win\jack\cmapi\debug\cmapi.tlog\cl.read.1.tlog
d:\de0_com_fpga\win\jack\cmapi\debug\cmapi.tlog\cl.write.1.tlog
d:\de0_com_fpga\win\jack\cmapi\debug\cmapi.tlog\link.command.1.tlog
d:\de0_com_fpga\win\jack\cmapi\debug\cmapi.tlog\link.read.1.tlog
d:\de0_com_fpga\win\jack\cmapi\debug\cmapi.tlog\link.write.1.tlog
d:\de0_com_fpga\win\jack\cmapi\debug\cmapi.tlog\link.write.2u.tlog
