d:\de0_com_fpga\win\jack\comapi\debug\comapi.pch
d:\de0_com_fpga\win\jack\comapi\debug\vc143.pdb
d:\de0_com_fpga\win\jack\comapi\debug\vc143.idb
d:\de0_com_fpga\win\jack\comapi\debug\stdafx.obj
d:\de0_com_fpga\win\jack\comapi\debug\dllmain.obj
d:\de0_com_fpga\win\jack\comapi\debug\trace.obj
d:\de0_com_fpga\win\jack\comapi\debug\enumser.obj
d:\de0_com_fpga\win\jack\comapi\debug\com.obj
d:\de0_com_fpga\win\jack\comapi\debug\comapi.lib
d:\de0_com_fpga\win\jack\comapi\debug\comapi.exp
d:\de0_com_fpga\win\jack\comapi\debug\comapi.dll
d:\de0_com_fpga\win\jack\comapi\debug\comapi.ilk
d:\de0_com_fpga\win\jack\comapi\debug\comapi.pdb
d:\de0_com_fpga\win\jack\comapi\debug\comapi.tlog\cl.command.1.tlog
d:\de0_com_fpga\win\jack\comapi\debug\comapi.tlog\cl.items.tlog
d:\de0_com_fpga\win\jack\comapi\debug\comapi.tlog\cl.read.1.tlog
d:\de0_com_fpga\win\jack\comapi\debug\comapi.tlog\cl.write.1.tlog
d:\de0_com_fpga\win\jack\comapi\debug\comapi.tlog\link.command.1.tlog
d:\de0_com_fpga\win\jack\comapi\debug\comapi.tlog\link.read.1.tlog
d:\de0_com_fpga\win\jack\comapi\debug\comapi.tlog\link.write.1.tlog
d:\de0_com_fpga\win\jack\comapi\debug\comapi.tlog\link.write.2u.tlog
